<?xml version="1.0" encoding="UTF-8"?>
<testng-results skipped="0" failed="0" ignored="0" total="1" passed="1">
  <reporter-output>
  </reporter-output>
  <suite name="Suite" duration-ms="73388" started-at="2018-07-02T22:00:19Z" finished-at="2018-07-02T22:01:33Z">
    <groups>
      <group name="cucumber">
        <method signature="TestRunner.feature(cucumber.api.testng.CucumberFeatureWrapper)[pri:0, instance:runners.TestRunner@343f4d3d]" name="feature" class="runners.TestRunner"/>
      </group> <!-- cucumber -->
    </groups>
    <test name="Test" duration-ms="73388" started-at="2018-07-02T22:00:19Z" finished-at="2018-07-02T22:01:33Z">
      <class name="runners.TestRunner">
        <test-method status="PASS" signature="setUpClass()[pri:0, instance:runners.TestRunner@343f4d3d]" name="setUpClass" is-config="true" duration-ms="505" started-at="2018-07-02T22:00:19Z" finished-at="2018-07-02T22:00:20Z">
          <reporter-output>
          </reporter-output>
        </test-method> <!-- setUpClass -->
        <test-method status="PASS" signature="feature(cucumber.api.testng.CucumberFeatureWrapper)[pri:0, instance:runners.TestRunner@343f4d3d]" name="feature" duration-ms="72542" started-at="2018-07-02T22:00:20Z" description="Runs Cucumber Feature" data-provider="features" finished-at="2018-07-02T22:01:33Z">
          <params>
            <param index="0">
              <value>
                <![CDATA[Autometed End2End Tests]]>
              </value>
            </param>
          </params>
          <reporter-output>
          </reporter-output>
        </test-method> <!-- feature -->
        <test-method status="PASS" signature="tearDownClass()[pri:0, instance:runners.TestRunner@343f4d3d]" name="tearDownClass" is-config="true" duration-ms="137" started-at="2018-07-02T22:01:33Z" finished-at="2018-07-02T22:01:33Z">
          <reporter-output>
          </reporter-output>
        </test-method> <!-- tearDownClass -->
      </class> <!-- runners.TestRunner -->
    </test> <!-- Test -->
  </suite> <!-- Suite -->
</testng-results>
